<?xml version="1.0" encoding="UTF-8"?>
<!-- Generated by org.testng.reporters.JUnitXMLReporter -->
<testsuite ignored="0" hostname="AKASH-PC" failures="0" tests="12" name="Default test" time="0.208" errors="0" timestamp="2021-12-22T21:26:11 IST">
  <testcase classname="stringsProgram.Basic" name="reverseOneWordString" time="0.024"/>
  <testcase classname="stringsProgram.Basic" name="SplitString" time="0.002"/>
  <testcase classname="stringsProgram.Basic" name="reverseString" time="0.003"/>
  <testcase classname="stringsProgram.Basic" name="reversewordString" time="0.024"/>
  <testcase classname="stringsProgram.Basic" name="reverseWordsString" time="0.008"/>
  <testcase classname="stringsProgram.Basic" name="PalindromeString" time="0.004"/>
  <testcase classname="stringsProgram.Basic" name="convertString" time="0.003"/>
  <testcase classname="stringsProgram.Basic" name="findVowel" time="0.003"/>
  <testcase classname="stringsProgram.Basic" name="removejunk" time="0.007"/>
  <testcase classname="stringsProgram.Basic" name="removeSpace" time="0.003"/>
  <testcase classname="stringsProgram.Basic" name="CountWords" time="0.003"/>
  <testcase classname="stringsProgram.Basic" name="SeperateNoAndString" time="0.004"/>
</testsuite> <!-- Default test -->
