<?xml version="1.0" encoding="UTF-8"?>
<testng-results ignored="0" total="8" passed="8" failed="0" skipped="0">
  <reporter-output>
  </reporter-output>
  <suite started-at="2022-01-06T19:37:54 IST" name="Default suite" finished-at="2022-01-06T19:37:54 IST" duration-ms="106">
    <groups>
    </groups>
    <test started-at="2022-01-06T19:37:54 IST" name="Default test" finished-at="2022-01-06T19:37:54 IST" duration-ms="106">
      <class name="arrayprogram.basic">
        <test-method signature="insertArray()[pri:-1000, instance:arrayprogram.basic@6a370f4]" started-at="2022-01-06T19:37:54 IST" name="insertArray" finished-at="2022-01-06T19:37:54 IST" duration-ms="13" status="PASS">
          <reporter-output>
          </reporter-output>
        </test-method> <!-- insertArray -->
        <test-method signature="SearchArray()[pri:-7, instance:arrayprogram.basic@6a370f4]" started-at="2022-01-06T19:37:54 IST" name="SearchArray" finished-at="2022-01-06T19:37:54 IST" duration-ms="2" status="PASS">
          <reporter-output>
          </reporter-output>
        </test-method> <!-- SearchArray -->
        <test-method signature="EvenOdd()[pri:1, instance:arrayprogram.basic@6a370f4]" started-at="2022-01-06T19:37:54 IST" name="EvenOdd" finished-at="2022-01-06T19:37:54 IST" duration-ms="8" status="PASS">
          <reporter-output>
          </reporter-output>
        </test-method> <!-- EvenOdd -->
        <test-method signature="equalOrNot()[pri:2, instance:arrayprogram.basic@6a370f4]" started-at="2022-01-06T19:37:54 IST" name="equalOrNot" finished-at="2022-01-06T19:37:54 IST" duration-ms="3" status="PASS">
          <reporter-output>
          </reporter-output>
        </test-method> <!-- equalOrNot -->
        <test-method signature="missingNo()[pri:3, instance:arrayprogram.basic@6a370f4]" started-at="2022-01-06T19:37:54 IST" name="missingNo" finished-at="2022-01-06T19:37:54 IST" duration-ms="4" status="PASS">
          <reporter-output>
          </reporter-output>
        </test-method> <!-- missingNo -->
        <test-method signature="MaxNo()[pri:4, instance:arrayprogram.basic@6a370f4]" started-at="2022-01-06T19:37:54 IST" name="MaxNo" finished-at="2022-01-06T19:37:54 IST" duration-ms="4" status="PASS">
          <reporter-output>
          </reporter-output>
        </test-method> <!-- MaxNo -->
        <test-method signature="MinNo()[pri:5, instance:arrayprogram.basic@6a370f4]" started-at="2022-01-06T19:37:54 IST" name="MinNo" finished-at="2022-01-06T19:37:54 IST" duration-ms="2" status="PASS">
          <reporter-output>
          </reporter-output>
        </test-method> <!-- MinNo -->
        <test-method signature="Duplicate()[pri:6, instance:arrayprogram.basic@6a370f4]" started-at="2022-01-06T19:37:54 IST" name="Duplicate" finished-at="2022-01-06T19:37:54 IST" duration-ms="2" status="PASS">
          <reporter-output>
          </reporter-output>
        </test-method> <!-- Duplicate -->
      </class> <!-- arrayprogram.basic -->
    </test> <!-- Default test -->
  </suite> <!-- Default suite -->
</testng-results>
