<?xml version="1.0" encoding="UTF-8"?>
<testng-results ignored="0" total="12" passed="12" failed="0" skipped="0">
  <reporter-output>
  </reporter-output>
  <suite started-at="2021-12-22T21:26:11 IST" name="Default suite" finished-at="2021-12-22T21:26:11 IST" duration-ms="208">
    <groups>
    </groups>
    <test started-at="2021-12-22T21:26:11 IST" name="Default test" finished-at="2021-12-22T21:26:11 IST" duration-ms="208">
      <class name="stringsProgram.Basic">
        <test-method signature="reverseOneWordString()[pri:-1, instance:stringsProgram.Basic@4cc8eb05]" started-at="2021-12-22T21:26:11 IST" name="reverseOneWordString" finished-at="2021-12-22T21:26:11 IST" duration-ms="24" status="PASS">
          <reporter-output>
          </reporter-output>
        </test-method> <!-- reverseOneWordString -->
        <test-method signature="SplitString()[pri:1, instance:stringsProgram.Basic@4cc8eb05]" started-at="2021-12-22T21:26:11 IST" name="SplitString" finished-at="2021-12-22T21:26:11 IST" duration-ms="2" status="PASS">
          <reporter-output>
          </reporter-output>
        </test-method> <!-- SplitString -->
        <test-method signature="reverseString()[pri:2, instance:stringsProgram.Basic@4cc8eb05]" started-at="2021-12-22T21:26:11 IST" name="reverseString" finished-at="2021-12-22T21:26:11 IST" duration-ms="3" status="PASS">
          <reporter-output>
          </reporter-output>
        </test-method> <!-- reverseString -->
        <test-method signature="reversewordString()[pri:2, instance:stringsProgram.Basic@4cc8eb05]" started-at="2021-12-22T21:26:11 IST" name="reversewordString" finished-at="2021-12-22T21:26:11 IST" duration-ms="24" status="PASS">
          <reporter-output>
          </reporter-output>
        </test-method> <!-- reversewordString -->
        <test-method signature="reverseWordsString()[pri:3, instance:stringsProgram.Basic@4cc8eb05]" started-at="2021-12-22T21:26:11 IST" name="reverseWordsString" finished-at="2021-12-22T21:26:11 IST" duration-ms="8" status="PASS">
          <reporter-output>
          </reporter-output>
        </test-method> <!-- reverseWordsString -->
        <test-method signature="PalindromeString()[pri:5, instance:stringsProgram.Basic@4cc8eb05]" started-at="2021-12-22T21:26:11 IST" name="PalindromeString" finished-at="2021-12-22T21:26:11 IST" duration-ms="4" status="PASS">
          <reporter-output>
          </reporter-output>
        </test-method> <!-- PalindromeString -->
        <test-method signature="convertString()[pri:9, instance:stringsProgram.Basic@4cc8eb05]" started-at="2021-12-22T21:26:11 IST" name="convertString" finished-at="2021-12-22T21:26:11 IST" duration-ms="3" status="PASS">
          <reporter-output>
          </reporter-output>
        </test-method> <!-- convertString -->
        <test-method signature="findVowel()[pri:11, instance:stringsProgram.Basic@4cc8eb05]" started-at="2021-12-22T21:26:11 IST" name="findVowel" finished-at="2021-12-22T21:26:11 IST" duration-ms="3" status="PASS">
          <reporter-output>
          </reporter-output>
        </test-method> <!-- findVowel -->
        <test-method signature="removejunk()[pri:14, instance:stringsProgram.Basic@4cc8eb05]" started-at="2021-12-22T21:26:11 IST" name="removejunk" finished-at="2021-12-22T21:26:11 IST" duration-ms="7" status="PASS">
          <reporter-output>
          </reporter-output>
        </test-method> <!-- removejunk -->
        <test-method signature="removeSpace()[pri:50, instance:stringsProgram.Basic@4cc8eb05]" started-at="2021-12-22T21:26:11 IST" name="removeSpace" finished-at="2021-12-22T21:26:11 IST" duration-ms="3" status="PASS">
          <reporter-output>
          </reporter-output>
        </test-method> <!-- removeSpace -->
        <test-method signature="CountWords()[pri:80, instance:stringsProgram.Basic@4cc8eb05]" started-at="2021-12-22T21:26:11 IST" name="CountWords" finished-at="2021-12-22T21:26:11 IST" duration-ms="3" status="PASS">
          <reporter-output>
          </reporter-output>
        </test-method> <!-- CountWords -->
        <test-method signature="SeperateNoAndString()[pri:100, instance:stringsProgram.Basic@4cc8eb05]" started-at="2021-12-22T21:26:11 IST" name="SeperateNoAndString" finished-at="2021-12-22T21:26:11 IST" duration-ms="4" status="PASS">
          <reporter-output>
          </reporter-output>
        </test-method> <!-- SeperateNoAndString -->
      </class> <!-- stringsProgram.Basic -->
    </test> <!-- Default test -->
  </suite> <!-- Default suite -->
</testng-results>
